C51 COMPILER V9.56.0.0   CONVERTTOBIN                                                      09/20/2017 11:18:41 PAGE 1   


C51 COMPILER V9.56.0.0, COMPILATION OF MODULE CONVERTTOBIN
OBJECT MODULE PLACED IN .\Objects\ConvertToBin.obj
COMPILER INVOKED BY: C:\Keil_v5\C51\BIN\C51.EXE ConvertToBin.c OPTIMIZE(8,SPEED) BROWSE DEBUG OBJECTEXTEND PRINT(.\Listi
                    -ngs\ConvertToBin.lst) TABS(2) OBJECT(.\Objects\ConvertToBin.obj)

line level    source

   1          //Convert to BCD
   2          #include<at89c51cc03.h>
   3          
   4          void main(void)
   5          {
   6   1        unsigned char xBCD,xBinary;
   7   1        xBCD = P1;
   8   1        xBinary = (xBCD >> 4)*10 +(xBCD &0x0f);
   9   1        P2 = xBinary;
  10   1        while(1);
  11   1      }


MODULE INFORMATION:   STATIC OVERLAYABLE
   CODE SIZE        =     19    ----
   CONSTANT SIZE    =   ----    ----
   XDATA SIZE       =   ----    ----
   PDATA SIZE       =   ----    ----
   DATA SIZE        =   ----    ----
   IDATA SIZE       =   ----    ----
   BIT SIZE         =   ----    ----
END OF MODULE INFORMATION.


C51 COMPILATION COMPLETE.  0 WARNING(S),  0 ERROR(S)
