C51 COMPILER V9.56.0.0   COUNTUP                                                           09/15/2017 11:31:15 PAGE 1   


C51 COMPILER V9.56.0.0, COMPILATION OF MODULE COUNTUP
OBJECT MODULE PLACED IN .\Objects\CountUp.obj
COMPILER INVOKED BY: C:\Keil_v5\C51\BIN\C51.EXE CountUp.c OPTIMIZE(8,SPEED) BROWSE DEBUG OBJECTEXTEND PRINT(.\Listings\C
                    -ountUp.lst) TABS(2) OBJECT(.\Objects\CountUp.obj)

line level    source

   1          #include<at89c51cc03.h>
   2          
   3          void main(void)
   4          {
   5   1        P1 = 0x00;
   6   1        P1++;
   7   1      }


MODULE INFORMATION:   STATIC OVERLAYABLE
   CODE SIZE        =      6    ----
   CONSTANT SIZE    =   ----    ----
   XDATA SIZE       =   ----    ----
   PDATA SIZE       =   ----    ----
   DATA SIZE        =   ----    ----
   IDATA SIZE       =   ----    ----
   BIT SIZE         =   ----    ----
END OF MODULE INFORMATION.


C51 COMPILATION COMPLETE.  0 WARNING(S),  0 ERROR(S)
