C51 COMPILER V9.56.0.0   ASSN2                                                             09/18/2017 11:30:59 PAGE 1   


C51 COMPILER V9.56.0.0, COMPILATION OF MODULE ASSN2
OBJECT MODULE PLACED IN .\Objects\assn2.obj
COMPILER INVOKED BY: C:\Keil_v5\C51\BIN\C51.EXE assn2.c OPTIMIZE(8,SPEED) BROWSE DEBUG OBJECTEXTEND PRINT(.\Listings\ass
                    -n2.lst) TABS(2) OBJECT(.\Objects\assn2.obj)

line level    source

   1          // Assn02 in C
   2          #include<at89c51cc03.h>
   3          
   4          void Delay();
   5          
   6          void main(void)
   7            {
   8   1          while(1)
   9   1          {
  10   2            if(P3_4 == 0)
  11   2            {
  12   3              P1_0 = ~P1_0;
  13   3              Delay();
  14   3            }
  15   2          }
  16   1        }
  17            
  18          void Delay()
  19            {
  20   1          unsigned char i, j;
  21   1          for(i = 0; i < 10; i++)
  22   1          {
  23   2            for(j = 0; j < 100; j++);
  24   2          }
  25   1        }


MODULE INFORMATION:   STATIC OVERLAYABLE
   CODE SIZE        =     23    ----
   CONSTANT SIZE    =   ----    ----
   XDATA SIZE       =   ----    ----
   PDATA SIZE       =   ----    ----
   DATA SIZE        =   ----    ----
   IDATA SIZE       =   ----    ----
   BIT SIZE         =   ----    ----
END OF MODULE INFORMATION.


C51 COMPILATION COMPLETE.  0 WARNING(S),  0 ERROR(S)
