C51 COMPILER V9.56.0.0   COUNTONES                                                         09/20/2017 11:09:15 PAGE 1   


C51 COMPILER V9.56.0.0, COMPILATION OF MODULE COUNTONES
OBJECT MODULE PLACED IN .\Objects\CountOnes.obj
COMPILER INVOKED BY: C:\Keil_v5\C51\BIN\C51.EXE CountOnes.c OPTIMIZE(8,SPEED) BROWSE DEBUG OBJECTEXTEND PRINT(.\Listings
                    -\CountOnes.lst) TABS(2) OBJECT(.\Objects\CountOnes.obj)

line level    source

   1          //CountOnes
   2          #include<at89c51cc03.h>
   3          void main(void)
   4          {
   5   1        unsigned char count = 0;
   6   1        unsigned char x, i;
   7   1        x = P1;
   8   1        for(i = 0; i < 8; i++)
   9   1        {
  10   2          if((x & 0x80) != 0)
  11   2            count++;
  12   2          x = x << 1;
  13   2        }
  14   1        P2 = count;
  15   1        while(1);
  16   1      }


MODULE INFORMATION:   STATIC OVERLAYABLE
   CODE SIZE        =     22    ----
   CONSTANT SIZE    =   ----    ----
   XDATA SIZE       =   ----    ----
   PDATA SIZE       =   ----    ----
   DATA SIZE        =   ----    ----
   IDATA SIZE       =   ----    ----
   BIT SIZE         =   ----    ----
END OF MODULE INFORMATION.


C51 COMPILATION COMPLETE.  0 WARNING(S),  0 ERROR(S)
